[debug] [2023-06-13T10:50:54.026Z] ----------------------------------------------------------------------
[debug] [2023-06-13T10:50:54.030Z] Command:       C:\Program Files\nodejs\node.exe C:\Users\ABHISHEK SINGH\AppData\Roaming\npm\node_modules\firebase-tools\lib\bin\firebase.js init
[debug] [2023-06-13T10:50:54.030Z] CLI Version:   12.3.1
[debug] [2023-06-13T10:50:54.031Z] Platform:      win32
[debug] [2023-06-13T10:50:54.031Z] Node Version:  v16.17.0
[debug] [2023-06-13T10:50:54.034Z] Time:          Tue Jun 13 2023 16:20:54 GMT+0530 (India Standard Time)
[debug] [2023-06-13T10:50:54.035Z] ----------------------------------------------------------------------
[debug] 
[debug] [2023-06-13T10:50:54.060Z] > command requires scopes: ["email","openid","https://www.googleapis.com/auth/cloudplatformprojects.readonly","https://www.googleapis.com/auth/firebase","https://www.googleapis.com/auth/cloud-platform"]
[debug] [2023-06-13T10:50:54.061Z] > authorizing via signed-in user (in.abhishek01@gmail.com)
[info] 
     ######## #### ########  ######## ########     ###     ######  ########
     ##        ##  ##     ## ##       ##     ##  ##   ##  ##       ##
     ######    ##  ########  ######   ########  #########  ######  ######
     ##        ##  ##    ##  ##       ##     ## ##     ##       ## ##
     ##       #### ##     ## ######## ########  ##     ##  ######  ########

You're about to initialize a Firebase project in this directory:

  C:\27th-may-2023-amazon-clone\amazon-clone

Before we get started, keep in mind:

  * You are currently outside your home directory

